2020-12-09 13:34:39.851 DEBUG 22120 --- [main] c.a.b.n.c.u.NacosConfigPropertiesUtils   : nacosConfigProperties : NacosConfigProperties{serverAddr='127.0.0.1:8848', contextPath='null', encode='null', endpoint='null', namespace='null', accessKey='null', secretKey='null', ramRoleName='null', autoRefresh=false, dataId='null', dataIds='null', group='DEFAULT_GROUP', type=null, maxRetry='null', configLongPollTimeout='null', configRetryTime='null', enableRemoteSyncConfig=false, extConfig=[], bootstrap=Bootstrap{enable=false, logEnable=false}}
2020-12-09 13:34:39.856 DEBUG 22120 --- [main] NacosConfigApplicationContextInitializer : [Nacos Config Boot] : The preload configuration is not enabled
2020-12-09 13:34:39.898 DEBUG 22120 --- [main] c.m.h.s.boot.HelloSpringBootApplication  : Starting HelloSpringBootApplication on xuezhangdeMacBook-Pro.local with PID 22120 (/Users/xuezhang/Java/spring/hello-spring-boot/target/classes started by xuezhang in /Users/xuezhang/Java/spring/hello-spring-boot)
2020-12-09 13:34:39.898 DEBUG 22120 --- [main] c.m.h.s.boot.HelloSpringBootApplication  : The following profiles are active: dev
2020-12-09 13:34:39.959 DEBUG 22120 --- [main] .e.DevToolsPropertyDefaultsPostProcessor : For additional web related logging consider setting the 'logging.level.web' property to 'DEBUG'
2020-12-09 13:34:41.450 DEBUG 22120 --- [main] o.m.s.mapper.ClassPathMapperScanner      : Skipping MapperFactoryBean with name 'companyMapper' and 'com.medsci.hello.spring.boot.mapper.CompanyMapper' mapperInterface. Bean already defined with the same name!
2020-12-09 13:34:41.450 DEBUG 22120 --- [main] o.m.s.mapper.ClassPathMapperScanner      : Skipping MapperFactoryBean with name 'ordersMapper' and 'com.medsci.hello.spring.boot.mapper.OrdersMapper' mapperInterface. Bean already defined with the same name!
2020-12-09 13:34:41.450 DEBUG 22120 --- [main] o.m.s.mapper.ClassPathMapperScanner      : Skipping MapperFactoryBean with name 'productMapper' and 'com.medsci.hello.spring.boot.mapper.ProductMapper' mapperInterface. Bean already defined with the same name!
2020-12-09 13:34:41.451 DEBUG 22120 --- [main] o.m.s.mapper.ClassPathMapperScanner      : Skipping MapperFactoryBean with name 'roleMapper' and 'com.medsci.hello.spring.boot.mapper.RoleMapper' mapperInterface. Bean already defined with the same name!
2020-12-09 13:34:41.451 DEBUG 22120 --- [main] o.m.s.mapper.ClassPathMapperScanner      : Skipping MapperFactoryBean with name 'userMapper' and 'com.medsci.hello.spring.boot.mapper.UserMapper' mapperInterface. Bean already defined with the same name!
2020-12-09 13:34:41.451 DEBUG 22120 --- [main] o.m.s.mapper.ClassPathMapperScanner      : Skipping MapperFactoryBean with name 'usersMapper' and 'com.medsci.hello.spring.boot.mapper.UsersMapper' mapperInterface. Bean already defined with the same name!
2020-12-09 13:34:41.451 DEBUG 22120 --- [main] o.m.s.mapper.ClassPathMapperScanner      : No MyBatis mapper was found in '[com.medsci.hello.spring.boot]' package. Please check your configuration.
2020-12-09 13:34:42.037 DEBUG 22120 --- [main] trationDelegate$BeanPostProcessorChecker : Bean 'org.springframework.security.config.annotation.configuration.ObjectPostProcessorConfiguration' of type [org.springframework.security.config.annotation.configuration.ObjectPostProcessorConfiguration] is not eligible for getting processed by all BeanPostProcessors (for example: not eligible for auto-proxying)
2020-12-09 13:34:42.044 DEBUG 22120 --- [main] trationDelegate$BeanPostProcessorChecker : Bean 'objectPostProcessor' of type [org.springframework.security.config.annotation.configuration.AutowireBeanFactoryObjectPostProcessor] is not eligible for getting processed by all BeanPostProcessors (for example: not eligible for auto-proxying)
2020-12-09 13:34:42.050 DEBUG 22120 --- [main] trationDelegate$BeanPostProcessorChecker : Bean 'org.springframework.security.access.expression.method.DefaultMethodSecurityExpressionHandler@538a2f0e' of type [org.springframework.security.access.expression.method.DefaultMethodSecurityExpressionHandler] is not eligible for getting processed by all BeanPostProcessors (for example: not eligible for auto-proxying)
2020-12-09 13:34:42.059 DEBUG 22120 --- [main] trationDelegate$BeanPostProcessorChecker : Bean 'org.springframework.security.config.annotation.method.configuration.GlobalMethodSecurityConfiguration' of type [org.springframework.security.config.annotation.method.configuration.GlobalMethodSecurityConfiguration] is not eligible for getting processed by all BeanPostProcessors (for example: not eligible for auto-proxying)
2020-12-09 13:34:42.075 DEBUG 22120 --- [main] trationDelegate$BeanPostProcessorChecker : Bean 'methodSecurityMetadataSource' of type [org.springframework.security.access.method.DelegatingMethodSecurityMetadataSource] is not eligible for getting processed by all BeanPostProcessors (for example: not eligible for auto-proxying)
2020-12-09 13:34:42.223 DEBUG 22120 --- [main] trationDelegate$BeanPostProcessorChecker : Bean 'spring.cloud.sentinel-com.alibaba.cloud.sentinel.SentinelProperties' of type [com.alibaba.cloud.sentinel.SentinelProperties] is not eligible for getting processed by all BeanPostProcessors (for example: not eligible for auto-proxying)
2020-12-09 13:34:42.305 DEBUG 22120 --- [main] trationDelegate$BeanPostProcessorChecker : Bean 'com.alibaba.cloud.sentinel.custom.SentinelAutoConfiguration' of type [com.alibaba.cloud.sentinel.custom.SentinelAutoConfiguration] is not eligible for getting processed by all BeanPostProcessors (for example: not eligible for auto-proxying)
2020-12-09 13:34:42.614 DEBUG 22120 --- [main] o.s.b.w.embedded.tomcat.TomcatWebServer  : Tomcat initialized with port(s): 8088 (http)
2020-12-09 13:34:42.623 DEBUG 22120 --- [main] o.apache.catalina.core.StandardService   : Starting service [Tomcat]
2020-12-09 13:34:42.623 DEBUG 22120 --- [main] org.apache.catalina.core.StandardEngine  : Starting Servlet engine: [Apache Tomcat/9.0.33]
2020-12-09 13:34:42.705 DEBUG 22120 --- [main] o.a.c.c.C.[Tomcat].[localhost].[/]       : Initializing Spring embedded WebApplicationContext
2020-12-09 13:34:42.705 DEBUG 22120 --- [main] o.s.web.context.ContextLoader            : Root WebApplicationContext: initialization completed in 2746 ms
2020-12-09 13:34:42.794 DEBUG 22120 --- [main] n.h.spring.boot.BasicHasorConfiguration  : 
 _    _                        ____              _
| |  | |                      |  _ \            | |
| |__| | __ _ ___  ___  _ __  | |_) | ___   ___ | |_
|  __  |/ _` / __|/ _ \| '__| |  _ < / _ \ / _ \| __|
| |  | | (_| \__ \ (_) | |    | |_) | (_) | (_) | |_
|_|  |_|\__,_|___/\___/|_|    |____/ \___/ \___/ \__|

2020-12-09 13:34:42.802 DEBUG 22120 --- [main] net.hasor.core.Hasor                     : runMode at Full ,runPath at /Users/xuezhang/Java/spring/hello-spring-boot
2020-12-09 13:34:42.807 DEBUG 22120 --- [main] n.h.c.setting.StandardContextSettings    : addConfig '/META-INF/hasor-framework/core-hconfig.xml' in 'jar:file:/Users/xuezhang/.m2/repository/net/hasor/hasor-core/4.1.8/hasor-core-4.1.8.jar!/META-INF/hasor.schemas'
2020-12-09 13:34:42.808 DEBUG 22120 --- [main] n.h.c.setting.StandardContextSettings    : addConfig '/META-INF/hasor-framework/dataway-hconfig.xml' in 'jar:file:/Users/xuezhang/.m2/repository/net/hasor/hasor-dataway/4.1.8/hasor-dataway-4.1.8.jar!/META-INF/hasor.schemas'
2020-12-09 13:34:42.808 DEBUG 22120 --- [main] n.h.c.setting.StandardContextSettings    : addConfig '/META-INF/hasor-framework/web-hconfig.xml' in 'jar:file:/Users/xuezhang/.m2/repository/net/hasor/hasor-web/4.1.8/hasor-web-4.1.8.jar!/META-INF/hasor.schemas'
2020-12-09 13:34:42.809 DEBUG 22120 --- [main] n.h.c.setting.StandardContextSettings    : addConfig '/META-INF/hasor-framework/db-hconfig.xml' in 'jar:file:/Users/xuezhang/.m2/repository/net/hasor/hasor-db/4.1.8/hasor-db-4.1.8.jar!/META-INF/hasor.schemas'
2020-12-09 13:34:42.810 DEBUG 22120 --- [main] n.h.c.setting.StandardContextSettings    : addConfig '/META-INF/hasor-framework/dataql-hconfig.xml' in 'jar:file:/Users/xuezhang/.m2/repository/net/hasor/hasor-dataql/4.1.8/hasor-dataql-4.1.8.jar!/META-INF/hasor.schemas'
2020-12-09 13:34:42.810 DEBUG 22120 --- [main] n.h.c.setting.StandardContextSettings    : addConfig '/META-INF/hasor-framework/dataql-fx-hconfig.xml' in 'jar:file:/Users/xuezhang/.m2/repository/net/hasor/hasor-dataql-fx/4.1.8/hasor-dataql-fx-4.1.8.jar!/META-INF/hasor.schemas'
2020-12-09 13:34:42.827 DEBUG 22120 --- [main] n.h.c.environment.AbstractEnvironment    : loadPackages = com.*, net.*, net.hasor.*, net.hasor.dataql.*, net.hasor.dataql.fx.*, net.hasor.dataway.*, net.hasor.db.*, net.hasor.web.*, org.*
2020-12-09 13:34:42.891 DEBUG 22120 --- [main] n.hasor.core.context.TemplateAppContext  : loadModule class net.hasor.dataway.config.DatawayModule
2020-12-09 13:34:42.892 DEBUG 22120 --- [main] net.hasor.dataway.config.DatawayModule   : dataway is disable.
2020-12-09 13:34:42.893 DEBUG 22120 --- [main] n.hasor.core.context.TemplateAppContext  : loadModule class net.hasor.web.render.RenderWebPlugin
2020-12-09 13:34:42.899 DEBUG 22120 --- [main] n.hasor.core.context.TemplateAppContext  : loadModule class net.hasor.core.exts.startup.StartupModule
2020-12-09 13:34:42.899 DEBUG 22120 --- [main] n.hasor.core.context.TemplateAppContext  : loadModule class net.hasor.core.exts.aop.AopModule
2020-12-09 13:34:42.901 DEBUG 22120 --- [main] n.hasor.core.context.TemplateAppContext  : loadModule class net.hasor.dataql.fx.FxModule
2020-12-09 13:34:42.906 DEBUG 22120 --- [main] n.hasor.core.context.TemplateAppContext  : loadModule class com.medsci.hello.spring.boot.hasor.DatawayModule
2020-12-09 13:34:42.908 DEBUG 22120 --- [main] n.h.core.context.TemplateAppContext$1    : installModule ->net.hasor.db.JdbcModule@586728e8
2020-12-09 13:34:42.915 DEBUG 22120 --- [main] n.hasor.core.context.TemplateAppContext  : loadModule class net.hasor.spring.boot.BasicHasorConfiguration$$Lambda$444/1153152966
2020-12-09 13:34:42.936 DEBUG 22120 --- [main] net.hasor.web.render.RenderWebPlugin     : RenderPlugin init -> useLayout=false, layoutPath=/layout, templatePath=/templates, placeholder=content_placeholder, defaultLayout=default.html
2020-12-09 13:34:42.937 DEBUG 22120 --- [Hasor-EventPool-1] n.hasor.core.context.TemplateAppContext  : Hasor StartCompleted!
2020-12-09 13:34:42.982 DEBUG 22120 --- [main] n.h.spring.boot.WebHasorConfiguration    : @EnableHasorWeb -> filterPath='/*', filterOrder='0', filterWorkAt='Filter'
2020-12-09 13:34:43.646 DEBUG 22120 --- [main] net.hasor.web.startup.RuntimeListener    : ServletContext Attribut is net.hasor.core.AppContext
2020-12-09 13:34:43.665 DEBUG 22120 --- [main] net.hasor.web.startup.RuntimeFilter      : RuntimeFilter started, at Apache Tomcat/9.0.33
2020-12-09 13:34:44.120 DEBUG 22120 --- [main] c.m.h.spring.boot.config.RedisConfig     : JedisPool注入成功！！
2020-12-09 13:34:44.120 DEBUG 22120 --- [main] c.m.h.spring.boot.config.RedisConfig     : redis地址：127.0.0.1:6379
2020-12-09 13:34:44.598 DEBUG 22120 --- [main] c.a.c.s.SentinelWebAutoConfiguration     : [Sentinel Starter] register SentinelWebInterceptor with urlPatterns: [/**].
2020-12-09 13:34:45.141 DEBUG 22120 --- [main] o.s.s.web.DefaultSecurityFilterChain     : Creating filter chain: any request, [org.springframework.security.web.context.request.async.WebAsyncManagerIntegrationFilter@59a3eaf7, org.springframework.security.web.context.SecurityContextPersistenceFilter@3e5c7588, org.springframework.security.web.header.HeaderWriterFilter@3d2eb7fa, org.springframework.security.web.authentication.logout.LogoutFilter@3831f4c2, com.medsci.hello.spring.boot.config.JwtAuthenticationTokenFilter@6dd38df2, org.springframework.security.web.savedrequest.RequestCacheAwareFilter@23dff243, org.springframework.security.web.servletapi.SecurityContextHolderAwareRequestFilter@54d2f5d3, org.springframework.security.web.authentication.AnonymousAuthenticationFilter@718d6b7c, org.springframework.security.web.session.SessionManagementFilter@4727e5fc, org.springframework.security.web.access.ExceptionTranslationFilter@1479ed5a, org.springframework.security.web.access.intercept.FilterSecurityInterceptor@61ce238e]
2020-12-09 13:34:45.189 DEBUG 22120 --- [main] pertySourcedRequestMappingHandlerMapping : Mapped URL path [/v2/api-docs] onto method [springfox.documentation.swagger2.web.Swagger2Controller#getDocumentation(String, HttpServletRequest)]
2020-12-09 13:34:45.540 DEBUG 22120 --- [main] o.s.s.concurrent.ThreadPoolTaskExecutor  : Initializing ExecutorService 'applicationTaskExecutor'
2020-12-09 13:34:45.709 DEBUG 22120 --- [main] o.s.b.a.w.s.WelcomePageHandlerMapping    : Adding welcome page template: index
2020-12-09 13:34:46.533 DEBUG 22120 --- [main] d.s.w.p.DocumentationPluginsBootstrapper : Context refreshed
2020-12-09 13:34:46.551 DEBUG 22120 --- [main] d.s.w.p.DocumentationPluginsBootstrapper : Found 1 custom documentation plugin(s)
2020-12-09 13:34:46.577 DEBUG 22120 --- [main] s.d.s.w.s.ApiListingReferenceScanner     : Scanning for api listing references
2020-12-09 13:34:46.765 DEBUG 22120 --- [main] .d.s.w.r.o.CachingOperationNameGenerator : Generating unique operation named: insertUsingPOST_1
2020-12-09 13:34:46.787 DEBUG 22120 --- [main] .LoggingNacosConfigMetadataEventListener : Nacos Config Metadata : dataId='hello-spring-boot', groupId='DEFAULT_GROUP', beanName='helloSpringBootApplication', bean='null', beanType='class com.medsci.hello.spring.boot.HelloSpringBootApplication', annotatedElement='null', xmlResource='null', nacosProperties='{maxRetry=${nacos.config.maxRetry${nacos.maxRetry:}}, configRetryTime=${nacos.config.configRetryTime${nacos.configRetryTime:}}, serverAddr=127.0.0.1:8848, encode=UTF-8, configLongPollTimeout=${nacos.config.configLongPollTimeout${nacos.configLongPollTimeout:}}, enableRemoteSyncConfig=false}', nacosPropertiesAttributes='{accessKey=${nacos.access-key:}, clusterName=${nacos.cluster-name:}, configLongPollTimeout=${nacos.configLongPollTimeout:}, configRetryTime=${nacos.configRetryTime:}, contextPath=${nacos.context-path:}, enableRemoteSyncConfig=${nacos.enableRemoteSyncConfig:}, encode=${nacos.encode:UTF-8}, endpoint=${nacos.endpoint:}, maxRetry=${nacos.maxRetry:}, namespace=${nacos.namespace:}, password=${nacos.password:}, secretKey=${nacos.secret-key:}, serverAddr=${nacos.server-addr:}, username=${nacos.username:}}', source='org.springframework.core.type.StandardAnnotationMetadata@5bdd5689', timestamp='1607492081062'
2020-12-09 13:34:46.787 DEBUG 22120 --- [main] .LoggingNacosConfigMetadataEventListener : Nacos Config Metadata : dataId='hello-spring-boot', groupId='DEFAULT_GROUP', beanName='multipartConfigElement', bean='null', beanType='null', annotatedElement='null', xmlResource='null', nacosProperties='{maxRetry=${nacos.config.maxRetry${nacos.maxRetry:}}, configRetryTime=${nacos.config.configRetryTime${nacos.configRetryTime:}}, serverAddr=127.0.0.1:8848, encode=UTF-8, configLongPollTimeout=${nacos.config.configLongPollTimeout${nacos.configLongPollTimeout:}}, enableRemoteSyncConfig=false}', nacosPropertiesAttributes='{accessKey=${nacos.access-key:}, clusterName=${nacos.cluster-name:}, configLongPollTimeout=${nacos.configLongPollTimeout:}, configRetryTime=${nacos.configRetryTime:}, contextPath=${nacos.context-path:}, enableRemoteSyncConfig=${nacos.enableRemoteSyncConfig:}, encode=${nacos.encode:UTF-8}, endpoint=${nacos.endpoint:}, maxRetry=${nacos.maxRetry:}, namespace=${nacos.namespace:}, password=${nacos.password:}, secretKey=${nacos.secret-key:}, serverAddr=${nacos.server-addr:}, username=${nacos.username:}}', source='org.springframework.core.type.StandardAnnotationMetadata@5bdd5689', timestamp='1607492081183'
2020-12-09 13:34:46.787 DEBUG 22120 --- [main] .LoggingNacosConfigMetadataEventListener : Nacos Config Metadata : dataId='hello-spring-boot', groupId='DEFAULT_GROUP', beanName='applicationRunner', bean='null', beanType='null', annotatedElement='null', xmlResource='null', nacosProperties='{maxRetry=${nacos.config.maxRetry${nacos.maxRetry:}}, configRetryTime=${nacos.config.configRetryTime${nacos.configRetryTime:}}, serverAddr=127.0.0.1:8848, encode=UTF-8, configLongPollTimeout=${nacos.config.configLongPollTimeout${nacos.configLongPollTimeout:}}, enableRemoteSyncConfig=false}', nacosPropertiesAttributes='{accessKey=${nacos.access-key:}, clusterName=${nacos.cluster-name:}, configLongPollTimeout=${nacos.configLongPollTimeout:}, configRetryTime=${nacos.configRetryTime:}, contextPath=${nacos.context-path:}, enableRemoteSyncConfig=${nacos.enableRemoteSyncConfig:}, encode=${nacos.encode:UTF-8}, endpoint=${nacos.endpoint:}, maxRetry=${nacos.maxRetry:}, namespace=${nacos.namespace:}, password=${nacos.password:}, secretKey=${nacos.secret-key:}, serverAddr=${nacos.server-addr:}, username=${nacos.username:}}', source='org.springframework.core.type.StandardAnnotationMetadata@5bdd5689', timestamp='1607492081382'
2020-12-09 13:34:46.864 DEBUG 22120 --- [main] o.s.b.w.embedded.tomcat.TomcatWebServer  : Tomcat started on port(s): 8088 (http) with context path ''
2020-12-09 13:34:46.869 DEBUG 22120 --- [main] c.m.h.s.boot.HelloSpringBootApplication  : Started HelloSpringBootApplication in 7.623 seconds (JVM running for 8.294)
2020-12-09 13:34:46.870 DEBUG 22120 --- [main] c.m.h.s.boot.HelloSpringBootApplication  : 启动成功：http://169.254.173.67:8088/doc.html
2020-12-09 13:34:50.616 DEBUG 22120 --- [http-nio-8088-exec-1] o.a.c.c.C.[Tomcat].[localhost].[/]       : Initializing Spring DispatcherServlet 'dispatcherServlet'
2020-12-09 13:34:50.616 DEBUG 22120 --- [http-nio-8088-exec-1] o.s.web.servlet.DispatcherServlet        : Initializing Servlet 'dispatcherServlet'
2020-12-09 13:34:50.646 DEBUG 22120 --- [http-nio-8088-exec-1] o.s.web.servlet.DispatcherServlet        : Completed initialization in 29 ms
2020-12-09 13:37:58.416 DEBUG 22120 --- [Hasor-ShutdownHook] n.hasor.core.context.TemplateAppContext  : Hasor StartCompleted.
2020-12-09 13:37:58.422 DEBUG 22120 --- [SpringContextShutdownHook] o.s.s.concurrent.ThreadPoolTaskExecutor  : Shutting down ExecutorService 'applicationTaskExecutor'
2020-12-09 13:37:58.424 DEBUG 22120 --- [SpringContextShutdownHook] o.s.b.f.support.DisposableBeanAdapter    : Destroy method 'shutdown' on bean with name 'webAppContext' threw an exception: java.lang.IllegalStateException: the container is not started yet.
2020-12-09 13:37:58.425 DEBUG 22120 --- [SpringContextShutdownHook] .c.NacosValueAnnotationBeanPostProcessor : false was destroying!
2020-12-09 13:37:58.425 DEBUG 22120 --- [SpringContextShutdownHook] .c.NacosValueAnnotationBeanPostProcessor : class com.alibaba.nacos.spring.context.annotation.config.NacosValueAnnotationBeanPostProcessor was destroying!
2020-12-09 13:37:58.425 DEBUG 22120 --- [SpringContextShutdownHook] AnnotationNacosInjectedBeanPostProcessor : class com.alibaba.nacos.spring.beans.factory.annotation.AnnotationNacosInjectedBeanPostProcessor was destroying!
2020-12-09 13:38:02.533 DEBUG 22254 --- [main] c.a.b.n.c.u.NacosConfigPropertiesUtils   : nacosConfigProperties : NacosConfigProperties{serverAddr='127.0.0.1:8848', contextPath='null', encode='null', endpoint='null', namespace='null', accessKey='null', secretKey='null', ramRoleName='null', autoRefresh=false, dataId='null', dataIds='null', group='DEFAULT_GROUP', type=null, maxRetry='null', configLongPollTimeout='null', configRetryTime='null', enableRemoteSyncConfig=false, extConfig=[], bootstrap=Bootstrap{enable=false, logEnable=false}}
2020-12-09 13:38:02.535 DEBUG 22254 --- [main] NacosConfigApplicationContextInitializer : [Nacos Config Boot] : The preload configuration is not enabled
2020-12-09 13:38:02.543 DEBUG 22254 --- [main] c.m.h.s.boot.HelloSpringBootApplication  : Starting HelloSpringBootApplication on xuezhangdeMacBook-Pro.local with PID 22254 (/Users/xuezhang/Java/spring/hello-spring-boot/target/classes started by xuezhang in /Users/xuezhang/Java/spring/hello-spring-boot)
2020-12-09 13:38:02.543 DEBUG 22254 --- [main] c.m.h.s.boot.HelloSpringBootApplication  : The following profiles are active: dev
2020-12-09 13:38:02.626 DEBUG 22254 --- [main] .e.DevToolsPropertyDefaultsPostProcessor : For additional web related logging consider setting the 'logging.level.web' property to 'DEBUG'
2020-12-09 13:38:04.118 DEBUG 22254 --- [main] o.m.s.mapper.ClassPathMapperScanner      : Skipping MapperFactoryBean with name 'companyMapper' and 'com.medsci.hello.spring.boot.mapper.CompanyMapper' mapperInterface. Bean already defined with the same name!
2020-12-09 13:38:04.118 DEBUG 22254 --- [main] o.m.s.mapper.ClassPathMapperScanner      : Skipping MapperFactoryBean with name 'ordersMapper' and 'com.medsci.hello.spring.boot.mapper.OrdersMapper' mapperInterface. Bean already defined with the same name!
2020-12-09 13:38:04.118 DEBUG 22254 --- [main] o.m.s.mapper.ClassPathMapperScanner      : Skipping MapperFactoryBean with name 'productMapper' and 'com.medsci.hello.spring.boot.mapper.ProductMapper' mapperInterface. Bean already defined with the same name!
2020-12-09 13:38:04.118 DEBUG 22254 --- [main] o.m.s.mapper.ClassPathMapperScanner      : Skipping MapperFactoryBean with name 'roleMapper' and 'com.medsci.hello.spring.boot.mapper.RoleMapper' mapperInterface. Bean already defined with the same name!
2020-12-09 13:38:04.118 DEBUG 22254 --- [main] o.m.s.mapper.ClassPathMapperScanner      : Skipping MapperFactoryBean with name 'userMapper' and 'com.medsci.hello.spring.boot.mapper.UserMapper' mapperInterface. Bean already defined with the same name!
2020-12-09 13:38:04.118 DEBUG 22254 --- [main] o.m.s.mapper.ClassPathMapperScanner      : Skipping MapperFactoryBean with name 'usersMapper' and 'com.medsci.hello.spring.boot.mapper.UsersMapper' mapperInterface. Bean already defined with the same name!
2020-12-09 13:38:04.118 DEBUG 22254 --- [main] o.m.s.mapper.ClassPathMapperScanner      : No MyBatis mapper was found in '[com.medsci.hello.spring.boot]' package. Please check your configuration.
2020-12-09 13:38:04.696 DEBUG 22254 --- [main] trationDelegate$BeanPostProcessorChecker : Bean 'org.springframework.security.config.annotation.configuration.ObjectPostProcessorConfiguration' of type [org.springframework.security.config.annotation.configuration.ObjectPostProcessorConfiguration] is not eligible for getting processed by all BeanPostProcessors (for example: not eligible for auto-proxying)
2020-12-09 13:38:04.703 DEBUG 22254 --- [main] trationDelegate$BeanPostProcessorChecker : Bean 'objectPostProcessor' of type [org.springframework.security.config.annotation.configuration.AutowireBeanFactoryObjectPostProcessor] is not eligible for getting processed by all BeanPostProcessors (for example: not eligible for auto-proxying)
2020-12-09 13:38:04.709 DEBUG 22254 --- [main] trationDelegate$BeanPostProcessorChecker : Bean 'org.springframework.security.access.expression.method.DefaultMethodSecurityExpressionHandler@34edd065' of type [org.springframework.security.access.expression.method.DefaultMethodSecurityExpressionHandler] is not eligible for getting processed by all BeanPostProcessors (for example: not eligible for auto-proxying)
2020-12-09 13:38:04.717 DEBUG 22254 --- [main] trationDelegate$BeanPostProcessorChecker : Bean 'org.springframework.security.config.annotation.method.configuration.GlobalMethodSecurityConfiguration' of type [org.springframework.security.config.annotation.method.configuration.GlobalMethodSecurityConfiguration] is not eligible for getting processed by all BeanPostProcessors (for example: not eligible for auto-proxying)
2020-12-09 13:38:04.738 DEBUG 22254 --- [main] trationDelegate$BeanPostProcessorChecker : Bean 'methodSecurityMetadataSource' of type [org.springframework.security.access.method.DelegatingMethodSecurityMetadataSource] is not eligible for getting processed by all BeanPostProcessors (for example: not eligible for auto-proxying)
2020-12-09 13:38:04.906 DEBUG 22254 --- [main] trationDelegate$BeanPostProcessorChecker : Bean 'spring.cloud.sentinel-com.alibaba.cloud.sentinel.SentinelProperties' of type [com.alibaba.cloud.sentinel.SentinelProperties] is not eligible for getting processed by all BeanPostProcessors (for example: not eligible for auto-proxying)
2020-12-09 13:38:04.996 DEBUG 22254 --- [main] trationDelegate$BeanPostProcessorChecker : Bean 'com.alibaba.cloud.sentinel.custom.SentinelAutoConfiguration' of type [com.alibaba.cloud.sentinel.custom.SentinelAutoConfiguration] is not eligible for getting processed by all BeanPostProcessors (for example: not eligible for auto-proxying)
2020-12-09 13:38:05.323 DEBUG 22254 --- [main] o.s.b.w.embedded.tomcat.TomcatWebServer  : Tomcat initialized with port(s): 8088 (http)
2020-12-09 13:38:05.333 DEBUG 22254 --- [main] o.apache.catalina.core.StandardService   : Starting service [Tomcat]
2020-12-09 13:38:05.334 DEBUG 22254 --- [main] org.apache.catalina.core.StandardEngine  : Starting Servlet engine: [Apache Tomcat/9.0.33]
2020-12-09 13:38:05.417 DEBUG 22254 --- [main] o.a.c.c.C.[Tomcat].[localhost].[/]       : Initializing Spring embedded WebApplicationContext
2020-12-09 13:38:05.417 DEBUG 22254 --- [main] o.s.web.context.ContextLoader            : Root WebApplicationContext: initialization completed in 2791 ms
2020-12-09 13:38:05.518 DEBUG 22254 --- [main] n.h.spring.boot.BasicHasorConfiguration  : 
 _    _                        ____              _
| |  | |                      |  _ \            | |
| |__| | __ _ ___  ___  _ __  | |_) | ___   ___ | |_
|  __  |/ _` / __|/ _ \| '__| |  _ < / _ \ / _ \| __|
| |  | | (_| \__ \ (_) | |    | |_) | (_) | (_) | |_
|_|  |_|\__,_|___/\___/|_|    |____/ \___/ \___/ \__|

2020-12-09 13:38:05.525 DEBUG 22254 --- [main] net.hasor.core.Hasor                     : runMode at Full ,runPath at /Users/xuezhang/Java/spring/hello-spring-boot
2020-12-09 13:38:05.529 DEBUG 22254 --- [main] n.h.c.setting.StandardContextSettings    : addConfig '/META-INF/hasor-framework/core-hconfig.xml' in 'jar:file:/Users/xuezhang/.m2/repository/net/hasor/hasor-core/4.1.8/hasor-core-4.1.8.jar!/META-INF/hasor.schemas'
2020-12-09 13:38:05.531 DEBUG 22254 --- [main] n.h.c.setting.StandardContextSettings    : addConfig '/META-INF/hasor-framework/dataway-hconfig.xml' in 'jar:file:/Users/xuezhang/.m2/repository/net/hasor/hasor-dataway/4.1.8/hasor-dataway-4.1.8.jar!/META-INF/hasor.schemas'
2020-12-09 13:38:05.531 DEBUG 22254 --- [main] n.h.c.setting.StandardContextSettings    : addConfig '/META-INF/hasor-framework/web-hconfig.xml' in 'jar:file:/Users/xuezhang/.m2/repository/net/hasor/hasor-web/4.1.8/hasor-web-4.1.8.jar!/META-INF/hasor.schemas'
2020-12-09 13:38:05.532 DEBUG 22254 --- [main] n.h.c.setting.StandardContextSettings    : addConfig '/META-INF/hasor-framework/db-hconfig.xml' in 'jar:file:/Users/xuezhang/.m2/repository/net/hasor/hasor-db/4.1.8/hasor-db-4.1.8.jar!/META-INF/hasor.schemas'
2020-12-09 13:38:05.533 DEBUG 22254 --- [main] n.h.c.setting.StandardContextSettings    : addConfig '/META-INF/hasor-framework/dataql-hconfig.xml' in 'jar:file:/Users/xuezhang/.m2/repository/net/hasor/hasor-dataql/4.1.8/hasor-dataql-4.1.8.jar!/META-INF/hasor.schemas'
2020-12-09 13:38:05.533 DEBUG 22254 --- [main] n.h.c.setting.StandardContextSettings    : addConfig '/META-INF/hasor-framework/dataql-fx-hconfig.xml' in 'jar:file:/Users/xuezhang/.m2/repository/net/hasor/hasor-dataql-fx/4.1.8/hasor-dataql-fx-4.1.8.jar!/META-INF/hasor.schemas'
2020-12-09 13:38:05.550 DEBUG 22254 --- [main] n.h.c.environment.AbstractEnvironment    : loadPackages = com.*, net.*, net.hasor.*, net.hasor.dataql.*, net.hasor.dataql.fx.*, net.hasor.dataway.*, net.hasor.db.*, net.hasor.web.*, org.*
2020-12-09 13:38:05.618 DEBUG 22254 --- [main] n.hasor.core.context.TemplateAppContext  : loadModule class net.hasor.dataway.config.DatawayModule
2020-12-09 13:38:05.620 DEBUG 22254 --- [main] net.hasor.dataway.config.DatawayModule   : dataway is disable.
2020-12-09 13:38:05.621 DEBUG 22254 --- [main] n.hasor.core.context.TemplateAppContext  : loadModule class net.hasor.web.render.RenderWebPlugin
2020-12-09 13:38:05.627 DEBUG 22254 --- [main] n.hasor.core.context.TemplateAppContext  : loadModule class net.hasor.core.exts.startup.StartupModule
2020-12-09 13:38:05.628 DEBUG 22254 --- [main] n.hasor.core.context.TemplateAppContext  : loadModule class net.hasor.core.exts.aop.AopModule
2020-12-09 13:38:05.630 DEBUG 22254 --- [main] n.hasor.core.context.TemplateAppContext  : loadModule class net.hasor.dataql.fx.FxModule
2020-12-09 13:38:05.634 DEBUG 22254 --- [main] n.hasor.core.context.TemplateAppContext  : loadModule class com.medsci.hello.spring.boot.hasor.DatawayModule
2020-12-09 13:38:05.635 DEBUG 22254 --- [main] n.h.core.context.TemplateAppContext$1    : installModule ->net.hasor.db.JdbcModule@5bb97fe7
2020-12-09 13:38:05.641 DEBUG 22254 --- [main] n.hasor.core.context.TemplateAppContext  : loadModule class net.hasor.spring.boot.BasicHasorConfiguration$$Lambda$444/108271693
2020-12-09 13:38:05.660 DEBUG 22254 --- [main] net.hasor.web.render.RenderWebPlugin     : RenderPlugin init -> useLayout=false, layoutPath=/layout, templatePath=/templates, placeholder=content_placeholder, defaultLayout=default.html
2020-12-09 13:38:05.662 DEBUG 22254 --- [Hasor-EventPool-1] n.hasor.core.context.TemplateAppContext  : Hasor StartCompleted!
2020-12-09 13:38:05.715 DEBUG 22254 --- [main] n.h.spring.boot.WebHasorConfiguration    : @EnableHasorWeb -> filterPath='/*', filterOrder='0', filterWorkAt='Filter'
2020-12-09 13:38:06.451 DEBUG 22254 --- [main] net.hasor.web.startup.RuntimeListener    : ServletContext Attribut is net.hasor.core.AppContext
2020-12-09 13:38:06.470 DEBUG 22254 --- [main] net.hasor.web.startup.RuntimeFilter      : RuntimeFilter started, at Apache Tomcat/9.0.33
2020-12-09 13:38:06.956 DEBUG 22254 --- [main] c.m.h.spring.boot.config.RedisConfig     : JedisPool注入成功！！
2020-12-09 13:38:06.956 DEBUG 22254 --- [main] c.m.h.spring.boot.config.RedisConfig     : redis地址：127.0.0.1:6379
2020-12-09 13:38:07.422 DEBUG 22254 --- [main] c.a.c.s.SentinelWebAutoConfiguration     : [Sentinel Starter] register SentinelWebInterceptor with urlPatterns: [/**].
2020-12-09 13:38:07.959 DEBUG 22254 --- [main] o.s.s.web.DefaultSecurityFilterChain     : Creating filter chain: any request, [org.springframework.security.web.context.request.async.WebAsyncManagerIntegrationFilter@23365142, org.springframework.security.web.context.SecurityContextPersistenceFilter@63b58ff4, org.springframework.security.web.header.HeaderWriterFilter@76d0a290, org.springframework.security.web.authentication.logout.LogoutFilter@767d9b9, com.medsci.hello.spring.boot.config.JwtAuthenticationTokenFilter@3ec7eb5, org.springframework.security.web.savedrequest.RequestCacheAwareFilter@4c91a008, org.springframework.security.web.servletapi.SecurityContextHolderAwareRequestFilter@1cca3e8c, org.springframework.security.web.authentication.AnonymousAuthenticationFilter@6549ce71, org.springframework.security.web.session.SessionManagementFilter@83e5898, org.springframework.security.web.access.ExceptionTranslationFilter@328e50eb, org.springframework.security.web.access.intercept.FilterSecurityInterceptor@33837bd4]
2020-12-09 13:38:08.012 DEBUG 22254 --- [main] pertySourcedRequestMappingHandlerMapping : Mapped URL path [/v2/api-docs] onto method [springfox.documentation.swagger2.web.Swagger2Controller#getDocumentation(String, HttpServletRequest)]
2020-12-09 13:38:08.345 DEBUG 22254 --- [main] o.s.s.concurrent.ThreadPoolTaskExecutor  : Initializing ExecutorService 'applicationTaskExecutor'
2020-12-09 13:38:08.512 DEBUG 22254 --- [main] o.s.b.a.w.s.WelcomePageHandlerMapping    : Adding welcome page template: index
2020-12-09 13:38:09.346 DEBUG 22254 --- [main] d.s.w.p.DocumentationPluginsBootstrapper : Context refreshed
2020-12-09 13:38:09.361 DEBUG 22254 --- [main] d.s.w.p.DocumentationPluginsBootstrapper : Found 1 custom documentation plugin(s)
2020-12-09 13:38:09.386 DEBUG 22254 --- [main] s.d.s.w.s.ApiListingReferenceScanner     : Scanning for api listing references
2020-12-09 13:38:09.569 DEBUG 22254 --- [main] .d.s.w.r.o.CachingOperationNameGenerator : Generating unique operation named: insertUsingPOST_1
2020-12-09 13:38:09.590 DEBUG 22254 --- [main] .LoggingNacosConfigMetadataEventListener : Nacos Config Metadata : dataId='hello-spring-boot', groupId='DEFAULT_GROUP', beanName='helloSpringBootApplication', bean='null', beanType='class com.medsci.hello.spring.boot.HelloSpringBootApplication', annotatedElement='null', xmlResource='null', nacosProperties='{maxRetry=${nacos.config.maxRetry${nacos.maxRetry:}}, configRetryTime=${nacos.config.configRetryTime${nacos.configRetryTime:}}, serverAddr=127.0.0.1:8848, encode=UTF-8, configLongPollTimeout=${nacos.config.configLongPollTimeout${nacos.configLongPollTimeout:}}, enableRemoteSyncConfig=false}', nacosPropertiesAttributes='{accessKey=${nacos.access-key:}, clusterName=${nacos.cluster-name:}, configLongPollTimeout=${nacos.configLongPollTimeout:}, configRetryTime=${nacos.configRetryTime:}, contextPath=${nacos.context-path:}, enableRemoteSyncConfig=${nacos.enableRemoteSyncConfig:}, encode=${nacos.encode:UTF-8}, endpoint=${nacos.endpoint:}, maxRetry=${nacos.maxRetry:}, namespace=${nacos.namespace:}, password=${nacos.password:}, secretKey=${nacos.secret-key:}, serverAddr=${nacos.server-addr:}, username=${nacos.username:}}', source='org.springframework.core.type.StandardAnnotationMetadata@1be59f28', timestamp='1607492283679'
2020-12-09 13:38:09.590 DEBUG 22254 --- [main] .LoggingNacosConfigMetadataEventListener : Nacos Config Metadata : dataId='hello-spring-boot', groupId='DEFAULT_GROUP', beanName='multipartConfigElement', bean='null', beanType='null', annotatedElement='null', xmlResource='null', nacosProperties='{maxRetry=${nacos.config.maxRetry${nacos.maxRetry:}}, configRetryTime=${nacos.config.configRetryTime${nacos.configRetryTime:}}, serverAddr=127.0.0.1:8848, encode=UTF-8, configLongPollTimeout=${nacos.config.configLongPollTimeout${nacos.configLongPollTimeout:}}, enableRemoteSyncConfig=false}', nacosPropertiesAttributes='{accessKey=${nacos.access-key:}, clusterName=${nacos.cluster-name:}, configLongPollTimeout=${nacos.configLongPollTimeout:}, configRetryTime=${nacos.configRetryTime:}, contextPath=${nacos.context-path:}, enableRemoteSyncConfig=${nacos.enableRemoteSyncConfig:}, encode=${nacos.encode:UTF-8}, endpoint=${nacos.endpoint:}, maxRetry=${nacos.maxRetry:}, namespace=${nacos.namespace:}, password=${nacos.password:}, secretKey=${nacos.secret-key:}, serverAddr=${nacos.server-addr:}, username=${nacos.username:}}', source='org.springframework.core.type.StandardAnnotationMetadata@1be59f28', timestamp='1607492283858'
2020-12-09 13:38:09.590 DEBUG 22254 --- [main] .LoggingNacosConfigMetadataEventListener : Nacos Config Metadata : dataId='hello-spring-boot', groupId='DEFAULT_GROUP', beanName='applicationRunner', bean='null', beanType='null', annotatedElement='null', xmlResource='null', nacosProperties='{maxRetry=${nacos.config.maxRetry${nacos.maxRetry:}}, configRetryTime=${nacos.config.configRetryTime${nacos.configRetryTime:}}, serverAddr=127.0.0.1:8848, encode=UTF-8, configLongPollTimeout=${nacos.config.configLongPollTimeout${nacos.configLongPollTimeout:}}, enableRemoteSyncConfig=false}', nacosPropertiesAttributes='{accessKey=${nacos.access-key:}, clusterName=${nacos.cluster-name:}, configLongPollTimeout=${nacos.configLongPollTimeout:}, configRetryTime=${nacos.configRetryTime:}, contextPath=${nacos.context-path:}, enableRemoteSyncConfig=${nacos.enableRemoteSyncConfig:}, encode=${nacos.encode:UTF-8}, endpoint=${nacos.endpoint:}, maxRetry=${nacos.maxRetry:}, namespace=${nacos.namespace:}, password=${nacos.password:}, secretKey=${nacos.secret-key:}, serverAddr=${nacos.server-addr:}, username=${nacos.username:}}', source='org.springframework.core.type.StandardAnnotationMetadata@1be59f28', timestamp='1607492284057'
2020-12-09 13:38:09.666 DEBUG 22254 --- [main] o.s.b.w.embedded.tomcat.TomcatWebServer  : Tomcat started on port(s): 8088 (http) with context path ''
2020-12-09 13:38:09.671 DEBUG 22254 --- [main] c.m.h.s.boot.HelloSpringBootApplication  : Started HelloSpringBootApplication in 7.604 seconds (JVM running for 8.208)
2020-12-09 13:38:09.673 DEBUG 22254 --- [main] c.m.h.s.boot.HelloSpringBootApplication  : 启动成功：http://169.254.173.67:8088/doc.html
2020-12-09 13:38:11.245 DEBUG 22254 --- [http-nio-8088-exec-1] o.a.c.c.C.[Tomcat].[localhost].[/]       : Initializing Spring DispatcherServlet 'dispatcherServlet'
2020-12-09 13:38:11.246 DEBUG 22254 --- [http-nio-8088-exec-1] o.s.web.servlet.DispatcherServlet        : Initializing Servlet 'dispatcherServlet'
2020-12-09 13:38:11.272 DEBUG 22254 --- [http-nio-8088-exec-1] o.s.web.servlet.DispatcherServlet        : Completed initialization in 26 ms
2020-12-09 13:48:20.395 DEBUG 22254 --- [Hasor-ShutdownHook] n.hasor.core.context.TemplateAppContext  : Hasor StartCompleted.
2020-12-09 13:48:20.400 DEBUG 22254 --- [SpringContextShutdownHook] o.s.s.concurrent.ThreadPoolTaskExecutor  : Shutting down ExecutorService 'applicationTaskExecutor'
2020-12-09 13:48:20.402 DEBUG 22254 --- [SpringContextShutdownHook] o.s.b.f.support.DisposableBeanAdapter    : Destroy method 'shutdown' on bean with name 'webAppContext' threw an exception: java.lang.IllegalStateException: the container is not started yet.
2020-12-09 13:48:20.403 DEBUG 22254 --- [SpringContextShutdownHook] .c.NacosValueAnnotationBeanPostProcessor : false was destroying!
2020-12-09 13:48:20.403 DEBUG 22254 --- [SpringContextShutdownHook] .c.NacosValueAnnotationBeanPostProcessor : class com.alibaba.nacos.spring.context.annotation.config.NacosValueAnnotationBeanPostProcessor was destroying!
2020-12-09 13:48:20.403 DEBUG 22254 --- [SpringContextShutdownHook] AnnotationNacosInjectedBeanPostProcessor : class com.alibaba.nacos.spring.beans.factory.annotation.AnnotationNacosInjectedBeanPostProcessor was destroying!
